2025-06-13 05:33:10,839 - server - INFO - Loaded Environment: development
2025-06-13 05:33:10,839 - server - INFO - Sinalite: https://api.sinaliteuppy.com
2025-06-13 05:33:10,872 - server - INFO - File Storage: LocalFileStorage
2025-06-13 05:33:10,956 - werkzeug - INFO - [31m[1mWARNING: This is a development server. Do not use it in a production deployment. Use a production WSGI server instead.[0m
 * Running on http://127.0.0.1:5000
2025-06-13 05:33:10,957 - werkzeug - INFO - [33mPress CTRL+C to quit[0m
2025-06-13 05:33:10,961 - werkzeug - INFO -  * Restarting with stat
2025-06-13 05:33:12,587 - server - INFO - Loaded Environment: development
2025-06-13 05:33:12,587 - server - INFO - Sinalite: https://api.sinaliteuppy.com
2025-06-13 05:33:12,654 - server - INFO - File Storage: LocalFileStorage
2025-06-13 05:33:12,692 - werkzeug - WARNING -  * Debugger is active!
2025-06-13 05:33:12,694 - werkzeug - INFO -  * Debugger PIN: 101-484-488
2025-06-13 05:50:07,096 - server - INFO - Loaded Environment: development
2025-06-13 05:50:07,096 - server - INFO - Sinalite: https://api.sinaliteuppy.com
2025-06-13 05:50:07,118 - server - INFO - File Storage: LocalFileStorage
2025-06-13 05:50:07,149 - werkzeug - INFO - [31m[1mWARNING: This is a development server. Do not use it in a production deployment. Use a production WSGI server instead.[0m
 * Running on http://127.0.0.1:5000
2025-06-13 05:50:07,149 - werkzeug - INFO - [33mPress CTRL+C to quit[0m
2025-06-13 05:50:07,150 - werkzeug - INFO -  * Restarting with stat
2025-06-13 05:50:08,709 - server - INFO - Loaded Environment: development
2025-06-13 05:50:08,709 - server - INFO - Sinalite: https://api.sinaliteuppy.com
2025-06-13 05:50:08,738 - server - INFO - File Storage: LocalFileStorage
2025-06-13 05:50:08,756 - werkzeug - WARNING -  * Debugger is active!
2025-06-13 05:50:08,756 - werkzeug - INFO -  * Debugger PIN: 101-484-488
2025-06-13 05:51:53,856 - werkzeug - INFO - 127.0.0.1 - - [13/Jun/2025 05:51:53] "GET / HTTP/1.1" 200 -
2025-06-13 05:51:54,412 - werkzeug - INFO - 127.0.0.1 - - [13/Jun/2025 05:51:54] "GET /swaggerui/swagger-ui-standalone-preset.js HTTP/1.1" 200 -
2025-06-13 05:51:54,427 - werkzeug - INFO - 127.0.0.1 - - [13/Jun/2025 05:51:54] "GET /swaggerui/swagger-ui-bundle.js HTTP/1.1" 200 -
2025-06-13 05:51:54,430 - werkzeug - INFO - 127.0.0.1 - - [13/Jun/2025 05:51:54] "GET /swaggerui/droid-sans.css HTTP/1.1" 200 -
2025-06-13 05:51:54,442 - werkzeug - INFO - 127.0.0.1 - - [13/Jun/2025 05:51:54] "GET /swaggerui/swagger-ui.css HTTP/1.1" 200 -
2025-06-13 05:51:54,625 - werkzeug - INFO - 127.0.0.1 - - [13/Jun/2025 05:51:54] "GET /swagger.json HTTP/1.1" 200 -
2025-06-13 05:51:54,629 - werkzeug - INFO - 127.0.0.1 - - [13/Jun/2025 05:51:54] "GET /swaggerui/favicon-32x32.png HTTP/1.1" 200 -
2025-06-13 05:52:16,203 - werkzeug - INFO - 127.0.0.1 - - [13/Jun/2025 05:52:16] "GET /api/print/categories HTTP/1.1" 200 -
2025-06-13 05:52:43,850 - server - INFO - Loaded Environment: development
2025-06-13 05:52:43,850 - server - INFO - Sinalite: https://api.sinaliteuppy.com
2025-06-13 05:52:43,870 - server - INFO - File Storage: LocalFileStorage
2025-06-13 05:52:43,903 - werkzeug - INFO - [31m[1mWARNING: This is a development server. Do not use it in a production deployment. Use a production WSGI server instead.[0m
 * Running on http://127.0.0.1:5000
2025-06-13 05:52:43,903 - werkzeug - INFO - [33mPress CTRL+C to quit[0m
2025-06-13 05:52:43,905 - werkzeug - INFO -  * Restarting with stat
2025-06-13 05:52:45,452 - server - INFO - Loaded Environment: development
2025-06-13 05:52:45,452 - server - INFO - Sinalite: https://api.sinaliteuppy.com
2025-06-13 05:52:45,473 - server - INFO - File Storage: LocalFileStorage
2025-06-13 05:52:45,498 - werkzeug - WARNING -  * Debugger is active!
2025-06-13 05:52:45,501 - werkzeug - INFO -  * Debugger PIN: 101-484-488
2025-06-13 05:53:52,550 - server - INFO - Loaded Environment: development
2025-06-13 05:53:52,550 - server - INFO - Sinalite: https://api.sinaliteuppy.com
2025-06-13 05:53:52,575 - server - INFO - File Storage: LocalFileStorage
2025-06-13 05:53:52,607 - werkzeug - INFO - [31m[1mWARNING: This is a development server. Do not use it in a production deployment. Use a production WSGI server instead.[0m
 * Running on http://127.0.0.1:5000
2025-06-13 05:53:52,607 - werkzeug - INFO - [33mPress CTRL+C to quit[0m
2025-06-13 05:53:52,608 - werkzeug - INFO -  * Restarting with stat
2025-06-13 05:53:54,093 - server - INFO - Loaded Environment: development
2025-06-13 05:53:54,093 - server - INFO - Sinalite: https://api.sinaliteuppy.com
2025-06-13 05:53:54,112 - server - INFO - File Storage: LocalFileStorage
2025-06-13 05:53:54,135 - werkzeug - WARNING -  * Debugger is active!
2025-06-13 05:53:54,138 - werkzeug - INFO -  * Debugger PIN: 101-484-488
2025-06-13 05:53:55,948 - werkzeug - INFO - 127.0.0.1 - - [13/Jun/2025 05:53:55] "GET / HTTP/1.1" 200 -
2025-06-13 05:53:56,192 - werkzeug - INFO - 127.0.0.1 - - [13/Jun/2025 05:53:56] "[36mGET /swaggerui/droid-sans.css HTTP/1.1[0m" 304 -
2025-06-13 05:53:56,221 - werkzeug - INFO - 127.0.0.1 - - [13/Jun/2025 05:53:56] "[36mGET /swaggerui/swagger-ui.css HTTP/1.1[0m" 304 -
2025-06-13 05:53:56,222 - werkzeug - INFO - 127.0.0.1 - - [13/Jun/2025 05:53:56] "[36mGET /swaggerui/swagger-ui-standalone-preset.js HTTP/1.1[0m" 304 -
2025-06-13 05:53:56,226 - werkzeug - INFO - 127.0.0.1 - - [13/Jun/2025 05:53:56] "[36mGET /swaggerui/swagger-ui-bundle.js HTTP/1.1[0m" 304 -
2025-06-13 05:53:56,414 - werkzeug - INFO - 127.0.0.1 - - [13/Jun/2025 05:53:56] "GET /swagger.json HTTP/1.1" 200 -
2025-06-13 05:53:56,426 - werkzeug - INFO - 127.0.0.1 - - [13/Jun/2025 05:53:56] "[36mGET /swaggerui/favicon-32x32.png HTTP/1.1[0m" 304 -
2025-06-13 05:56:04,801 - server - INFO - Loaded Environment: development
2025-06-13 05:56:04,801 - server - INFO - Sinalite: https://api.sinaliteuppy.com
2025-06-13 05:56:04,832 - server - INFO - File Storage: LocalFileStorage
2025-06-13 05:56:04,870 - werkzeug - INFO - [31m[1mWARNING: This is a development server. Do not use it in a production deployment. Use a production WSGI server instead.[0m
 * Running on http://127.0.0.1:5000
2025-06-13 05:56:04,870 - werkzeug - INFO - [33mPress CTRL+C to quit[0m
2025-06-13 05:56:04,871 - werkzeug - INFO -  * Restarting with stat
2025-06-13 05:56:06,395 - server - INFO - Loaded Environment: development
2025-06-13 05:56:06,395 - server - INFO - Sinalite: https://api.sinaliteuppy.com
2025-06-13 05:56:06,418 - server - INFO - File Storage: LocalFileStorage
2025-06-13 05:56:06,444 - werkzeug - WARNING -  * Debugger is active!
2025-06-13 05:56:06,448 - werkzeug - INFO -  * Debugger PIN: 101-484-488
2025-06-13 05:57:05,863 - server - INFO - Loaded Environment: development
2025-06-13 05:57:05,863 - server - INFO - Sinalite: https://api.sinaliteuppy.com
2025-06-13 05:57:05,897 - server - INFO - File Storage: LocalFileStorage
2025-06-13 05:57:05,917 - werkzeug - INFO - [31m[1mWARNING: This is a development server. Do not use it in a production deployment. Use a production WSGI server instead.[0m
 * Running on http://127.0.0.1:5000
2025-06-13 05:57:05,917 - werkzeug - INFO - [33mPress CTRL+C to quit[0m
2025-06-13 05:57:05,917 - werkzeug - INFO -  * Restarting with stat
2025-06-13 05:57:07,459 - server - INFO - Loaded Environment: development
2025-06-13 05:57:07,459 - server - INFO - Sinalite: https://api.sinaliteuppy.com
2025-06-13 05:57:07,484 - server - INFO - File Storage: LocalFileStorage
2025-06-13 05:57:07,508 - werkzeug - WARNING -  * Debugger is active!
2025-06-13 05:57:07,510 - werkzeug - INFO -  * Debugger PIN: 101-484-488
2025-06-13 06:00:07,204 - server - INFO - Loaded Environment: development
2025-06-13 06:00:07,204 - server - INFO - Sinalite: https://api.sinaliteuppy.com
2025-06-13 06:00:07,230 - server - INFO - File Storage: LocalFileStorage
2025-06-13 06:00:07,248 - werkzeug - INFO - [31m[1mWARNING: This is a development server. Do not use it in a production deployment. Use a production WSGI server instead.[0m
 * Running on http://127.0.0.1:5000
2025-06-13 06:00:07,248 - werkzeug - INFO - [33mPress CTRL+C to quit[0m
2025-06-13 06:00:07,248 - werkzeug - INFO -  * Restarting with stat
2025-06-13 06:00:08,824 - server - INFO - Loaded Environment: development
2025-06-13 06:00:08,824 - server - INFO - Sinalite: https://api.sinaliteuppy.com
2025-06-13 06:00:08,844 - server - INFO - File Storage: LocalFileStorage
2025-06-13 06:00:08,866 - werkzeug - WARNING -  * Debugger is active!
2025-06-13 06:00:08,869 - werkzeug - INFO -  * Debugger PIN: 101-484-488
2025-06-13 06:02:55,768 - server - INFO - Loaded Environment: development
2025-06-13 06:02:55,768 - server - INFO - Sinalite: https://api.sinaliteuppy.com
2025-06-13 06:02:55,843 - server - INFO - File Storage: LocalFileStorage
2025-06-13 06:02:55,890 - werkzeug - INFO - [31m[1mWARNING: This is a development server. Do not use it in a production deployment. Use a production WSGI server instead.[0m
 * Running on http://127.0.0.1:5000
2025-06-13 06:02:55,890 - werkzeug - INFO - [33mPress CTRL+C to quit[0m
2025-06-13 06:02:55,892 - werkzeug - INFO -  * Restarting with stat
2025-06-13 06:02:57,385 - server - INFO - Loaded Environment: development
2025-06-13 06:02:57,385 - server - INFO - Sinalite: https://api.sinaliteuppy.com
2025-06-13 06:02:57,417 - server - INFO - File Storage: LocalFileStorage
2025-06-13 06:02:57,441 - werkzeug - WARNING -  * Debugger is active!
2025-06-13 06:02:57,443 - werkzeug - INFO -  * Debugger PIN: 101-484-488
2025-06-13 06:03:00,036 - werkzeug - INFO - 127.0.0.1 - - [13/Jun/2025 06:03:00] "POST /shutdown HTTP/1.1" 200 -
2025-06-13 06:06:06,921 - server - INFO - Loaded Environment: development
2025-06-13 06:06:06,921 - server - INFO - Sinalite: https://api.sinaliteuppy.com
2025-06-13 06:06:06,945 - server - INFO - File Storage: LocalFileStorage
2025-06-13 06:06:06,962 - werkzeug - INFO - [31m[1mWARNING: This is a development server. Do not use it in a production deployment. Use a production WSGI server instead.[0m
 * Running on http://127.0.0.1:5000
2025-06-13 06:06:06,962 - werkzeug - INFO - [33mPress CTRL+C to quit[0m
2025-06-13 06:06:06,962 - werkzeug - INFO -  * Restarting with stat
2025-06-13 06:06:08,544 - server - INFO - Loaded Environment: development
2025-06-13 06:06:08,544 - server - INFO - Sinalite: https://api.sinaliteuppy.com
2025-06-13 06:06:08,579 - server - INFO - File Storage: LocalFileStorage
2025-06-13 06:06:08,605 - werkzeug - WARNING -  * Debugger is active!
2025-06-13 06:06:08,608 - werkzeug - INFO -  * Debugger PIN: 101-484-488
2025-06-13 06:06:17,001 - werkzeug - INFO - 127.0.0.1 - - [13/Jun/2025 06:06:17] "POST /shutdown HTTP/1.1" 200 -
2025-06-13 06:08:53,867 - server - INFO - Loaded Environment: development
2025-06-13 06:08:53,867 - server - INFO - Sinalite: https://api.sinaliteuppy.com
2025-06-13 06:08:53,889 - server - INFO - File Storage: LocalFileStorage
2025-06-13 06:08:53,916 - werkzeug - INFO - [31m[1mWARNING: This is a development server. Do not use it in a production deployment. Use a production WSGI server instead.[0m
 * Running on http://127.0.0.1:5000
2025-06-13 06:08:53,916 - werkzeug - INFO - [33mPress CTRL+C to quit[0m
2025-06-13 06:08:53,916 - werkzeug - INFO -  * Restarting with stat
2025-06-13 06:08:55,436 - server - INFO - Loaded Environment: development
2025-06-13 06:08:55,436 - server - INFO - Sinalite: https://api.sinaliteuppy.com
2025-06-13 06:08:55,464 - server - INFO - File Storage: LocalFileStorage
2025-06-13 06:08:55,487 - werkzeug - WARNING -  * Debugger is active!
2025-06-13 06:08:55,490 - werkzeug - INFO -  * Debugger PIN: 101-484-488
2025-06-13 06:09:01,588 - werkzeug - INFO - 127.0.0.1 - - [13/Jun/2025 06:09:01] "POST /shutdown HTTP/1.1" 200 -
2025-06-13 06:13:03,359 - server - INFO - Loaded Environment: development
2025-06-13 06:13:03,359 - server - INFO - Sinalite: https://api.sinaliteuppy.com
2025-06-13 06:13:03,389 - server - INFO - File Storage: LocalFileStorage
2025-06-13 06:13:03,425 - werkzeug - INFO - [31m[1mWARNING: This is a development server. Do not use it in a production deployment. Use a production WSGI server instead.[0m
 * Running on http://127.0.0.1:5000
2025-06-13 06:13:03,425 - werkzeug - INFO - [33mPress CTRL+C to quit[0m
2025-06-13 06:13:03,426 - werkzeug - INFO -  * Restarting with stat
2025-06-13 06:13:05,025 - server - INFO - Loaded Environment: development
2025-06-13 06:13:05,025 - server - INFO - Sinalite: https://api.sinaliteuppy.com
2025-06-13 06:13:05,048 - server - INFO - File Storage: LocalFileStorage
2025-06-13 06:13:05,072 - werkzeug - WARNING -  * Debugger is active!
2025-06-13 06:13:05,075 - werkzeug - INFO -  * Debugger PIN: 101-484-488
2025-06-13 06:13:19,596 - werkzeug - INFO - 127.0.0.1 - - [13/Jun/2025 06:13:19] "POST /shutdown HTTP/1.1" 200 -
2025-06-13 06:14:54,352 - server - INFO - Loaded Environment: development
2025-06-13 06:14:54,353 - server - INFO - Sinalite: https://api.sinaliteuppy.com
2025-06-13 06:14:54,368 - server - INFO - File Storage: LocalFileStorage
2025-06-13 06:14:54,401 - werkzeug - INFO - [31m[1mWARNING: This is a development server. Do not use it in a production deployment. Use a production WSGI server instead.[0m
 * Running on http://127.0.0.1:5000
2025-06-13 06:14:54,401 - werkzeug - INFO - [33mPress CTRL+C to quit[0m
2025-06-13 06:14:54,401 - werkzeug - INFO -  * Restarting with stat
2025-06-13 06:14:55,944 - server - INFO - Loaded Environment: development
2025-06-13 06:14:55,944 - server - INFO - Sinalite: https://api.sinaliteuppy.com
2025-06-13 06:14:55,965 - server - INFO - File Storage: LocalFileStorage
2025-06-13 06:14:55,988 - werkzeug - WARNING -  * Debugger is active!
2025-06-13 06:14:55,992 - werkzeug - INFO -  * Debugger PIN: 101-484-488
2025-06-13 06:14:58,863 - werkzeug - INFO - 127.0.0.1 - - [13/Jun/2025 06:14:58] "POST /shutdown HTTP/1.1" 200 -
2025-06-13 06:15:08,737 - server - INFO - Loaded Environment: development
2025-06-13 06:15:08,737 - server - INFO - Sinalite: https://api.sinaliteuppy.com
2025-06-13 06:15:08,758 - server - INFO - File Storage: LocalFileStorage
2025-06-13 06:15:08,790 - werkzeug - INFO - [31m[1mWARNING: This is a development server. Do not use it in a production deployment. Use a production WSGI server instead.[0m
 * Running on http://127.0.0.1:5000
2025-06-13 06:15:08,790 - werkzeug - INFO - [33mPress CTRL+C to quit[0m
2025-06-13 06:15:08,791 - werkzeug - INFO -  * Restarting with stat
2025-06-13 06:15:10,394 - server - INFO - Loaded Environment: development
2025-06-13 06:15:10,394 - server - INFO - Sinalite: https://api.sinaliteuppy.com
2025-06-13 06:15:10,421 - server - INFO - File Storage: LocalFileStorage
2025-06-13 06:15:10,457 - werkzeug - WARNING -  * Debugger is active!
2025-06-13 06:15:10,459 - werkzeug - INFO -  * Debugger PIN: 101-484-488
2025-06-13 06:15:37,943 - werkzeug - INFO - 127.0.0.1 - - [13/Jun/2025 06:15:37] "POST /shutdown HTTP/1.1" 200 -
2025-06-13 06:15:49,577 - server - INFO - Loaded Environment: development
2025-06-13 06:15:49,577 - server - INFO - Sinalite: https://api.sinaliteuppy.com
2025-06-13 06:15:49,606 - server - INFO - File Storage: LocalFileStorage
2025-06-13 06:15:49,636 - werkzeug - INFO - [31m[1mWARNING: This is a development server. Do not use it in a production deployment. Use a production WSGI server instead.[0m
 * Running on http://127.0.0.1:5000
2025-06-13 06:15:49,636 - werkzeug - INFO - [33mPress CTRL+C to quit[0m
2025-06-13 06:15:49,637 - werkzeug - INFO -  * Restarting with stat
2025-06-13 06:15:51,204 - server - INFO - Loaded Environment: development
2025-06-13 06:15:51,204 - server - INFO - Sinalite: https://api.sinaliteuppy.com
2025-06-13 06:15:51,229 - server - INFO - File Storage: LocalFileStorage
2025-06-13 06:15:51,253 - werkzeug - WARNING -  * Debugger is active!
2025-06-13 06:15:51,256 - werkzeug - INFO -  * Debugger PIN: 101-484-488
2025-06-13 06:16:16,641 - werkzeug - INFO - 127.0.0.1 - - [13/Jun/2025 06:16:16] "POST /shutdown HTTP/1.1" 200 -
2025-06-13 06:16:32,938 - server - INFO - Loaded Environment: development
2025-06-13 06:16:32,938 - server - INFO - Sinalite: https://api.sinaliteuppy.com
2025-06-13 06:16:32,965 - server - INFO - File Storage: LocalFileStorage
2025-06-13 06:16:32,983 - werkzeug - INFO - [31m[1mWARNING: This is a development server. Do not use it in a production deployment. Use a production WSGI server instead.[0m
 * Running on http://127.0.0.1:5000
2025-06-13 06:16:32,983 - werkzeug - INFO - [33mPress CTRL+C to quit[0m
2025-06-13 06:16:32,983 - werkzeug - INFO -  * Restarting with stat
2025-06-13 06:16:34,622 - server - INFO - Loaded Environment: development
2025-06-13 06:16:34,622 - server - INFO - Sinalite: https://api.sinaliteuppy.com
2025-06-13 06:16:34,646 - server - INFO - File Storage: LocalFileStorage
2025-06-13 06:16:34,671 - werkzeug - WARNING -  * Debugger is active!
2025-06-13 06:16:34,675 - werkzeug - INFO -  * Debugger PIN: 101-484-488
2025-06-13 06:20:06,632 - server - INFO - Loaded Environment: development
2025-06-13 06:20:06,632 - server - INFO - Sinalite: https://api.sinaliteuppy.com
2025-06-13 06:20:06,659 - server - INFO - File Storage: LocalFileStorage
2025-06-13 06:20:06,681 - werkzeug - INFO - [31m[1mWARNING: This is a development server. Do not use it in a production deployment. Use a production WSGI server instead.[0m
 * Running on http://127.0.0.1:5000
2025-06-13 06:20:06,681 - werkzeug - INFO - [33mPress CTRL+C to quit[0m
2025-06-13 06:20:06,681 - werkzeug - INFO -  * Restarting with stat
2025-06-13 06:20:08,121 - server - INFO - Loaded Environment: development
2025-06-13 06:20:08,121 - server - INFO - Sinalite: https://api.sinaliteuppy.com
2025-06-13 06:20:08,144 - server - INFO - File Storage: LocalFileStorage
2025-06-13 06:20:08,164 - werkzeug - WARNING -  * Debugger is active!
2025-06-13 06:20:08,170 - werkzeug - INFO -  * Debugger PIN: 101-484-488
2025-06-13 06:20:15,155 - werkzeug - INFO - 127.0.0.1 - - [13/Jun/2025 06:20:15] "POST /shutdown HTTP/1.1" 200 -
2025-06-13 06:22:49,892 - werkzeug - INFO -  * Detected change in 'C:\\Users\\Ben\\Code\\Projects\\gopostalsd\\backend\\app.py', reloading
2025-06-13 06:23:59,556 - server - INFO - Loaded Environment: development
2025-06-13 06:23:59,556 - server - INFO - Sinalite: https://api.sinaliteuppy.com
2025-06-13 06:23:59,583 - server - INFO - File Storage: LocalFileStorage
2025-06-13 06:23:59,622 - werkzeug - INFO - [31m[1mWARNING: This is a development server. Do not use it in a production deployment. Use a production WSGI server instead.[0m
 * Running on http://127.0.0.1:5000
2025-06-13 06:23:59,622 - werkzeug - INFO - [33mPress CTRL+C to quit[0m
2025-06-13 06:23:59,623 - werkzeug - INFO -  * Restarting with stat
2025-06-13 06:24:01,149 - server - INFO - Loaded Environment: development
2025-06-13 06:24:01,150 - server - INFO - Sinalite: https://api.sinaliteuppy.com
2025-06-13 06:24:01,159 - server - INFO - File Storage: LocalFileStorage
2025-06-13 06:24:01,195 - werkzeug - WARNING -  * Debugger is active!
2025-06-13 06:24:01,198 - werkzeug - INFO -  * Debugger PIN: 101-484-488
2025-06-13 06:24:10,134 - werkzeug - INFO - 127.0.0.1 - - [13/Jun/2025 06:24:10] "POST /shutdown HTTP/1.1" 200 -
2025-06-13 06:25:20,254 - server - INFO - Loaded Environment: development
2025-06-13 06:25:20,254 - server - INFO - Sinalite: https://api.sinaliteuppy.com
2025-06-13 06:25:20,282 - server - INFO - File Storage: LocalFileStorage
2025-06-13 06:25:20,315 - werkzeug - INFO - [31m[1mWARNING: This is a development server. Do not use it in a production deployment. Use a production WSGI server instead.[0m
 * Running on http://127.0.0.1:5000
2025-06-13 06:25:20,315 - werkzeug - INFO - [33mPress CTRL+C to quit[0m
2025-06-13 06:25:20,316 - werkzeug - INFO -  * Restarting with stat
2025-06-13 06:25:21,851 - server - INFO - Loaded Environment: development
2025-06-13 06:25:21,851 - server - INFO - Sinalite: https://api.sinaliteuppy.com
2025-06-13 06:25:21,871 - server - INFO - File Storage: LocalFileStorage
2025-06-13 06:25:21,895 - werkzeug - WARNING -  * Debugger is active!
2025-06-13 06:25:21,898 - werkzeug - INFO -  * Debugger PIN: 101-484-488
2025-06-13 06:25:44,469 - werkzeug - INFO - 127.0.0.1 - - [13/Jun/2025 06:25:44] "POST /shutdown HTTP/1.1" 200 -
2025-06-13 06:30:04,354 - server - INFO - Loaded Environment: development
2025-06-13 06:30:04,354 - server - INFO - Sinalite: https://api.sinaliteuppy.com
2025-06-13 06:30:04,375 - server - INFO - File Storage: LocalFileStorage
2025-06-13 06:30:04,405 - werkzeug - INFO - [31m[1mWARNING: This is a development server. Do not use it in a production deployment. Use a production WSGI server instead.[0m
 * Running on http://127.0.0.1:5000
2025-06-13 06:30:04,405 - werkzeug - INFO - [33mPress CTRL+C to quit[0m
2025-06-13 06:30:04,406 - werkzeug - INFO -  * Restarting with stat
2025-06-13 06:30:05,968 - server - INFO - Loaded Environment: development
2025-06-13 06:30:05,968 - server - INFO - Sinalite: https://api.sinaliteuppy.com
2025-06-13 06:30:05,997 - server - INFO - File Storage: LocalFileStorage
2025-06-13 06:30:06,022 - werkzeug - WARNING -  * Debugger is active!
2025-06-13 06:30:06,025 - werkzeug - INFO -  * Debugger PIN: 101-484-488
2025-06-13 06:30:13,083 - werkzeug - INFO - 127.0.0.1 - - [13/Jun/2025 06:30:13] "POST /shutdown HTTP/1.1" 200 -
2025-06-13 06:36:04,780 - server - INFO - Loaded Environment: development
2025-06-13 06:36:04,780 - server - INFO - Sinalite: https://api.sinaliteuppy.com
2025-06-13 06:36:04,802 - server - INFO - File Storage: LocalFileStorage
2025-06-13 06:36:04,839 - werkzeug - INFO - [31m[1mWARNING: This is a development server. Do not use it in a production deployment. Use a production WSGI server instead.[0m
 * Running on http://127.0.0.1:5000
2025-06-13 06:36:04,840 - werkzeug - INFO - [33mPress CTRL+C to quit[0m
2025-06-13 06:36:04,841 - werkzeug - INFO -  * Restarting with stat
2025-06-13 06:36:06,464 - server - INFO - Loaded Environment: development
2025-06-13 06:36:06,464 - server - INFO - Sinalite: https://api.sinaliteuppy.com
2025-06-13 06:36:06,485 - server - INFO - File Storage: LocalFileStorage
2025-06-13 06:36:06,508 - werkzeug - WARNING -  * Debugger is active!
2025-06-13 06:36:06,512 - werkzeug - INFO -  * Debugger PIN: 101-484-488
2025-06-13 06:36:13,281 - werkzeug - INFO - 127.0.0.1 - - [13/Jun/2025 06:36:13] "POST /shutdown HTTP/1.1" 200 -
2025-06-13 06:36:25,299 - server - INFO - Loaded Environment: development
2025-06-13 06:36:25,300 - server - INFO - Sinalite: https://api.sinaliteuppy.com
2025-06-13 06:36:25,320 - server - INFO - File Storage: LocalFileStorage
2025-06-13 06:36:25,353 - werkzeug - INFO - [31m[1mWARNING: This is a development server. Do not use it in a production deployment. Use a production WSGI server instead.[0m
 * Running on http://127.0.0.1:5000
2025-06-13 06:36:25,353 - werkzeug - INFO - [33mPress CTRL+C to quit[0m
2025-06-13 06:36:25,355 - werkzeug - INFO -  * Restarting with stat
2025-06-13 06:36:26,992 - server - INFO - Loaded Environment: development
2025-06-13 06:36:26,992 - server - INFO - Sinalite: https://api.sinaliteuppy.com
2025-06-13 06:36:27,012 - server - INFO - File Storage: LocalFileStorage
2025-06-13 06:36:27,037 - werkzeug - WARNING -  * Debugger is active!
2025-06-13 06:36:27,039 - werkzeug - INFO -  * Debugger PIN: 101-484-488
2025-06-13 06:36:35,174 - werkzeug - INFO - 127.0.0.1 - - [13/Jun/2025 06:36:35] "POST /shutdown HTTP/1.1" 200 -
2025-06-13 06:36:54,332 - server - INFO - Loaded Environment: development
2025-06-13 06:36:54,332 - server - INFO - Sinalite: https://api.sinaliteuppy.com
2025-06-13 06:36:54,366 - server - INFO - File Storage: LocalFileStorage
2025-06-13 06:36:54,399 - werkzeug - INFO - [31m[1mWARNING: This is a development server. Do not use it in a production deployment. Use a production WSGI server instead.[0m
 * Running on http://127.0.0.1:5000
2025-06-13 06:36:54,399 - werkzeug - INFO - [33mPress CTRL+C to quit[0m
2025-06-13 06:36:54,399 - werkzeug - INFO -  * Restarting with stat
2025-06-13 06:36:56,075 - server - INFO - Loaded Environment: development
2025-06-13 06:36:56,076 - server - INFO - Sinalite: https://api.sinaliteuppy.com
2025-06-13 06:36:56,095 - server - INFO - File Storage: LocalFileStorage
2025-06-13 06:36:56,120 - werkzeug - WARNING -  * Debugger is active!
2025-06-13 06:36:56,122 - werkzeug - INFO -  * Debugger PIN: 101-484-488
2025-06-13 06:37:36,448 - werkzeug - INFO - 127.0.0.1 - - [13/Jun/2025 06:37:36] "GET / HTTP/1.1" 200 -
2025-06-13 06:37:36,921 - werkzeug - INFO - 127.0.0.1 - - [13/Jun/2025 06:37:36] "[36mGET /swaggerui/swagger-ui.css HTTP/1.1[0m" 304 -
2025-06-13 06:37:36,935 - werkzeug - INFO - 127.0.0.1 - - [13/Jun/2025 06:37:36] "[36mGET /swaggerui/swagger-ui-standalone-preset.js HTTP/1.1[0m" 304 -
2025-06-13 06:37:36,954 - werkzeug - INFO - 127.0.0.1 - - [13/Jun/2025 06:37:36] "[36mGET /swaggerui/swagger-ui-bundle.js HTTP/1.1[0m" 304 -
2025-06-13 06:37:36,956 - werkzeug - INFO - 127.0.0.1 - - [13/Jun/2025 06:37:36] "[36mGET /swaggerui/droid-sans.css HTTP/1.1[0m" 304 -
2025-06-13 06:37:37,109 - werkzeug - INFO - 127.0.0.1 - - [13/Jun/2025 06:37:37] "GET /swagger.json HTTP/1.1" 200 -
2025-06-13 06:37:37,112 - werkzeug - INFO - 127.0.0.1 - - [13/Jun/2025 06:37:37] "[36mGET /swaggerui/favicon-32x32.png HTTP/1.1[0m" 304 -
2025-06-13 06:39:12,145 - server.controllers.print_product_controller - INFO - Fetching enabled categories ... 
2025-06-13 06:39:12,145 - server.controllers.print_product_controller - INFO - Found 2 enabled categories ... 
2025-06-13 06:39:12,145 - werkzeug - INFO - 127.0.0.1 - - [13/Jun/2025 06:39:12] "GET /api/print/categories/enabled HTTP/1.1" 200 -
2025-06-13 06:39:12,232 - server.controllers.print_product_controller - INFO - Fetching enabled categories ... 
2025-06-13 06:39:12,235 - server.controllers.print_product_controller - INFO - Found 2 enabled categories ... 
2025-06-13 06:39:12,237 - werkzeug - INFO - 127.0.0.1 - - [13/Jun/2025 06:39:12] "GET /api/print/categories/enabled HTTP/1.1" 200 -
2025-06-13 06:39:12,491 - werkzeug - INFO - 127.0.0.1 - - [13/Jun/2025 06:39:12] "GET /uploads/icon-bc_1.jpg HTTP/1.1" 200 -
2025-06-13 06:42:13,027 - server - INFO - Loaded Environment: development
2025-06-13 06:42:13,027 - server - INFO - Sinalite: https://api.sinaliteuppy.com
2025-06-13 06:42:13,048 - server - INFO - File Storage: LocalFileStorage
2025-06-13 06:42:13,087 - werkzeug - INFO - [31m[1mWARNING: This is a development server. Do not use it in a production deployment. Use a production WSGI server instead.[0m
 * Running on http://127.0.0.1:5000
2025-06-13 06:42:13,087 - werkzeug - INFO - [33mPress CTRL+C to quit[0m
2025-06-13 06:42:13,088 - werkzeug - INFO -  * Restarting with stat
2025-06-13 06:42:14,606 - server - INFO - Loaded Environment: development
2025-06-13 06:42:14,606 - server - INFO - Sinalite: https://api.sinaliteuppy.com
2025-06-13 06:42:14,626 - server - INFO - File Storage: LocalFileStorage
2025-06-13 06:42:14,643 - werkzeug - WARNING -  * Debugger is active!
2025-06-13 06:42:14,643 - werkzeug - INFO -  * Debugger PIN: 101-484-488
2025-06-13 06:42:27,052 - werkzeug - INFO - 127.0.0.1 - - [13/Jun/2025 06:42:27] "POST /shutdown HTTP/1.1" 200 -
2025-06-13 06:42:43,339 - werkzeug - INFO - 127.0.0.1 - - [13/Jun/2025 06:42:43] "POST /shutdown HTTP/1.1" 200 -
2025-06-13 06:44:45,704 - server - INFO - Loaded Environment: development
2025-06-13 06:44:45,705 - server - INFO - Sinalite: https://api.sinaliteuppy.com
2025-06-13 06:44:45,728 - server - INFO - File Storage: LocalFileStorage
2025-06-13 06:44:45,761 - werkzeug - INFO - [31m[1mWARNING: This is a development server. Do not use it in a production deployment. Use a production WSGI server instead.[0m
 * Running on http://127.0.0.1:5000
2025-06-13 06:44:45,761 - werkzeug - INFO - [33mPress CTRL+C to quit[0m
2025-06-13 06:44:45,763 - werkzeug - INFO -  * Restarting with stat
2025-06-13 06:44:47,473 - server - INFO - Loaded Environment: development
2025-06-13 06:44:47,473 - server - INFO - Sinalite: https://api.sinaliteuppy.com
2025-06-13 06:44:47,512 - server - INFO - File Storage: LocalFileStorage
2025-06-13 06:44:47,540 - werkzeug - WARNING -  * Debugger is active!
2025-06-13 06:44:47,543 - werkzeug - INFO -  * Debugger PIN: 101-484-488
2025-06-13 06:44:53,765 - werkzeug - INFO - 127.0.0.1 - - [13/Jun/2025 06:44:53] "POST /shutdown HTTP/1.1" 200 -
2025-06-13 06:58:33,844 - server - INFO - Loaded Environment: development
2025-06-13 06:58:33,844 - server - INFO - Sinalite: https://api.sinaliteuppy.com
2025-06-13 06:58:33,869 - server - INFO - File Storage: LocalFileStorage
2025-06-13 06:58:33,899 - werkzeug - INFO - [31m[1mWARNING: This is a development server. Do not use it in a production deployment. Use a production WSGI server instead.[0m
 * Running on http://127.0.0.1:5000
2025-06-13 06:58:33,899 - werkzeug - INFO - [33mPress CTRL+C to quit[0m
2025-06-13 06:58:33,900 - werkzeug - INFO -  * Restarting with stat
2025-06-13 06:58:35,601 - server - INFO - Loaded Environment: development
2025-06-13 06:58:35,601 - server - INFO - Sinalite: https://api.sinaliteuppy.com
2025-06-13 06:58:35,628 - server - INFO - File Storage: LocalFileStorage
2025-06-13 06:58:35,664 - werkzeug - WARNING -  * Debugger is active!
2025-06-13 06:58:35,668 - werkzeug - INFO -  * Debugger PIN: 101-484-488
2025-06-13 06:58:38,243 - werkzeug - INFO - 127.0.0.1 - - [13/Jun/2025 06:58:38] "POST /shutdown HTTP/1.1" 200 -
